<?xml version="1.0" encoding="UTF-8"?>
<!-- Generated by org.testng.reporters.JUnitXMLReporter -->
<testsuite hostname="m-C02T765BG8WN.local" name="Default test" tests="3" failures="0" timestamp="20 Jul 2017 16:27:21 GMT" time="27.132" errors="0">
  <testcase name="Test" time="20.366" classname="POC.Gourab.LoginTest"/>
  <testcase name="Test" time="2.039" classname="automation.TestOld"/>
  <testcase name="Test" time="1.96" classname="automation.LoginTestOld"/>
</testsuite> <!-- Default test -->
